  send : 0000, 2014/08/08 17:24:04, 00, len = 1
  send : 0000, 2014/08/08 17:27:38, 00, len = 1
  send : 0000, 2014/08/11 10:35:20, 00, len = 1
  send : 0000, 2014/08/11 11:26:14, 00, len = 1
  send : 0000, 2014/08/11 11:27:46, 00, len = 1
  send : 0000, 2014/08/11 11:35:19, 00, len = 1
  send : 0000, 2014/08/11 11:36:14, 00, len = 1
  send : 0000, 2014/08/11 11:39:42, 00, len = 1
  send : 0000, 2014/08/11 11:41:13, 00, len = 1
  send : 0000, 2014/08/11 11:53:35, 00, len = 1
receive: 0093, 2014/08/11 13:52:07, 00, len = 1
receive: 0000, 2014/08/11 13:55:15, B7, len = 1
receive: 0000, 2014/08/11 13:56:07, 00, len = 1
receive: 0000, 2014/08/11 13:56:22, 00, len = 1
receive: 0000, 2014/08/11 14:01:02, 00, len = 1
receive: 0000, 2014/08/11 14:05:28, 00, len = 1
receive: 0000, 2014/08/11 15:36:55, 00, len = 1
receive: 0000, 2014/08/11 16:57:33, 00, len = 1
receive: 0000, 2014/08/11 16:59:37, 00, len = 1
receive: 0000, 2014/08/12 09:52:58, 00, len = 1
receive: 0000, 2014/08/12 10:53:32, 00, len = 1
receive: 0000, 2014/08/12 10:55:46, 00, len = 1
receive: 0000, 2014/08/12 10:58:24, 00, len = 1
receive: 0000, 2014/08/12 10:58:50, 00, len = 1
receive: 0000, 2014/08/12 10:59:24, 00, len = 1
receive: 0080, 2014/08/12 11:00:20, B7, len = 1
receive: 0080, 2014/08/12 11:00:44, B7, len = 1
receive: 0080, 2014/08/12 11:01:10, B7, len = 1
receive: 0080, 2014/08/12 11:01:44, B7, len = 1
receive: 0000, 2014/08/12 11:06:48, 00, len = 1
receive: 0000, 2014/08/12 11:09:20, 00, len = 1
receive: 0000, 2014/08/12 11:33:23, 00, len = 1
receive: -842150451, 2014/08/12 12:06:42, 00, len = 1
receive: -842146571, 2014/08/12 15:40:24, FF, len = 16
receive: 0000, 2014/08/12 15:42:44, 00, len = 1
receive: 0000, 2014/08/12 15:58:21, 00, len = 1
receive: 0000, 2014/08/12 16:04:18, 00, len = 1
receive: 3880, 2014/08/12 16:15:23, FF, len = 16
receive: 3880, 2014/08/12 17:17:57, FF, len = 16
receive: 0093, 2014/08/12 17:22:31, 00, len = 1
receive: 0045, 2014/08/13 13:29:52, B7, len = 1
receive: 0045, 2014/08/13 13:34:43, B7, len = 1
receive: 0045, 2014/08/13 13:36:38, B7, len = 1
receive: 0000, 2014/08/13 16:09:06, 00, len = 1
receive: 0000, 2014/08/13 16:10:51, 00, len = 1
receive: 0000, 2014/08/13 16:17:55, 00, len = 1
receive: 0000, 2014/08/13 16:21:30, 00, len = 1
receive: 0000, 2014/08/13 16:28:53, 00, len = 1
receive: 0000, 2014/08/13 16:32:51, 00, len = 1
receive: 0000, 2014/08/13 17:18:54, 00, len = 1
receive: 0000, 2014/08/13 17:29:59, 00, len = 1
receive: 0000, 2014/08/13 17:47:20, 00, len = 1
receive: 0000, 2014/08/13 17:51:32, 00, len = 1
receive: 0000, 2014/08/14 09:16:16, 00, len = 1
receive: 0000, 2014/08/14 09:22:16, 00, len = 1
  send : 0000, 2014/08/14 09:22:24, 00, len = 1
receive: 0093, 2014/08/14 09:22:44, 00, len = 1
receive: 0000, 2014/08/14 11:48:47, 00, len = 1
receive: 0093, 2014/08/14 11:53:19, 00, len = 1
receive: 0093, 2014/08/14 11:59:59, 00, len = 1
receive: 0000, 2014/08/14 12:08:47, 00, len = 1
receive: 0093, 2014/08/14 12:11:22, 00, len = 1
receive: 0093, 2014/08/14 12:15:48, 00, len = 1
receive: 0000, 2014/08/14 12:18:16, 00, len = 1
receive: 0093, 2014/08/14 14:36:49, 00, len = 1
receive: 0093, 2014/08/14 14:49:17, 00, len = 1
receive: 0099, 2014/08/14 14:52:56, 00, len = 1
receive: 0093, 2014/08/14 15:01:12, 00, len = 1
receive: 0093, 2014/08/14 15:11:19, 00, len = 1
receive: 0093, 2014/08/14 15:28:58, 00, len = 1
receive: 0000, 2014/08/14 15:32:30, 00, len = 1
receive: 0000, 2014/08/14 15:32:53, 00, len = 1
receive: 0093, 2014/08/14 15:34:43, 00, len = 1
receive: 0093, 2014/08/14 15:35:04, 00, len = 1
receive: 0000, 2014/08/14 15:35:20, 00, len = 1
receive: 0093, 2014/08/14 15:36:25, 00, len = 1
receive: 0000, 2014/08/14 15:36:44, 00, len = 1
receive: 0093, 2014/08/14 16:19:11, 00, len = 1
receive: 0000, 2014/08/14 16:35:28, 00, len = 1
receive: 0000, 2014/08/14 16:37:00, 00, len = 1
  send : 0871, 2014/08/14 16:41:09, 9F..., len = 96
receive: 0000, 2014/08/14 16:46:24, 00, len = 1
receive: 0000, 2014/08/14 16:46:34, 00, len = 1
receive: 0000, 2014/08/15 10:02:47, 00, len = 1
receive: 0000, 2014/08/15 10:09:15, 00, len = 1
receive: 0000, 2014/08/15 10:11:41, 00, len = 1
receive: 0000, 2014/08/15 10:12:04, 00, len = 1
receive: 0000, 2014/08/15 10:12:53, 00, len = 1
receive: 0000, 2014/08/15 10:22:10, 00, len = 1
receive: 0000, 2014/08/15 10:29:11, 00, len = 1
receive: 0000, 2014/08/15 10:33:13, 00, len = 1
receive: 0000, 2014/08/15 10:39:35, 00, len = 1
receive: 0000, 2014/08/15 10:46:21, 00, len = 1
receive: 0000, 2014/08/15 10:48:08, 00, len = 1
receive: 0000, 2014/08/15 13:48:02, 00, len = 1
  send : 0000, 2014/08/15 13:51:45, 00, len = 1
  send : 0000, 2014/08/15 13:53:50, 00, len = 1
  send : 0000, 2014/08/15 13:55:50, 00, len = 1
receive: 0093, 2014/08/15 14:00:43, 00, len = 1
receive: 0093, 2014/08/15 14:02:59, 00, len = 1
receive: 0093, 2014/08/15 14:05:29, 00, len = 1
receive: 0093, 2014/08/15 14:12:14, 00, len = 1
receive: 0093, 2014/08/15 14:14:12, 00, len = 1
  send : 0000, 2014/08/15 14:29:14, 00, len = 1
  send : 0000, 2014/08/15 14:30:00, 00, len = 1
  send : 0000, 2014/08/15 14:30:20, 00, len = 1
  send : 0000, 2014/08/15 14:30:50, 00, len = 1
  send : 0000, 2014/08/15 14:32:14, 00, len = 1
  send : 0000, 2014/08/15 14:32:21, 00, len = 1
  send : 0000, 2014/08/15 14:32:26, 00, len = 1
  send : 0000, 2014/08/15 14:32:35, 00, len = 1
  send : 0000, 2014/08/15 14:32:38, 00, len = 1
receive: 0000, 2014/08/15 14:36:01, 00, len = 1
receive: 0000, 2014/08/15 14:36:34, 00, len = 1
receive: 0000, 2014/08/15 14:38:21, 00, len = 1
receive: 0000, 2014/08/15 14:48:55, 00, len = 1
receive: 0000, 2014/08/15 14:56:40, 00, len = 1
receive: 0000, 2014/08/15 14:59:51, 00, len = 1
receive: 0093, 2014/08/15 15:07:31, 00, len = 1
receive: 0000, 2014/08/15 15:12:41, 00, len = 1
receive: 0000, 2014/08/15 15:17:36, 00, len = 1
receive: 0000, 2014/08/15 15:21:04, 00, len = 1
receive: 0000, 2014/08/15 15:25:02, 00, len = 1
receive: 0093, 2014/08/15 15:27:01, 00, len = 1
receive: 0000, 2014/08/15 15:33:15, 00, len = 1
receive: 0093, 2014/08/15 15:35:48, 00, len = 1
receive: 0000, 2014/08/15 15:40:38, 00, len = 1
receive: 0001, 2014/08/15 15:41:43, 00, len = 1
receive: 0093, 2014/08/15 15:43:27, 00, len = 1
receive: 0093, 2014/08/15 16:32:38, 00, len = 1
receive: 0093, 2014/08/15 16:35:53, 00, len = 1
receive: 0000, 2014/08/15 16:37:17, 00, len = 1
receive: 0081, 2014/08/15 16:38:41, B7, len = 1
receive: 0093, 2014/08/15 16:39:43, 00, len = 1
  send : 0000, 2014/08/15 16:51:45, 00, len = 1
  send : 0000, 2014/08/15 16:52:26, 00, len = 1
receive: 0081, 2014/08/15 16:59:46, B7, len = 1
receive: 0000, 2014/08/15 17:25:33, 00, len = 1
receive: 0093, 2014/08/15 17:36:29, 00, len = 1
receive: 0093, 2014/08/15 17:38:32, 00, len = 1
receive: 0093, 2014/08/15 17:45:11, 00, len = 1
receive: 0000, 2014/08/15 17:47:31, 00, len = 1
receive: 0000, 2014/08/15 17:49:06, 00, len = 1
receive: 0093, 2014/08/15 17:49:30, 00, len = 1
receive: 0000, 2014/08/15 17:51:15, 00, len = 1
receive: 0093, 2014/08/15 17:52:07, 00, len = 1
receive: 0000, 2014/08/15 17:54:24, 00, len = 1
receive: 0000, 2014/08/15 18:03:26, 00, len = 1
receive: 0093, 2014/08/15 18:04:14, 00, len = 1
receive: 0000, 2014/08/15 18:05:07, 00, len = 1
receive: 0000, 2014/08/15 18:06:06, 00, len = 1
receive: 0000, 2014/08/15 18:06:59, 00, len = 1
receive: 0093, 2014/08/15 18:08:35, 00, len = 1
receive: 0000, 2014/08/15 18:09:05, 00, len = 1
receive: 0000, 2014/08/16 11:57:09, 00, len = 1
receive: 0000, 2014/08/16 11:57:49, 00, len = 1
receive: 0000, 2014/08/16 11:58:20, 00, len = 1
receive: 0000, 2014/08/16 11:59:54, 00, len = 1
receive: 0000, 2014/08/16 12:00:22, 00, len = 1
receive: 0000, 2014/08/16 12:02:21, 00, len = 1
receive: 0000, 2014/08/16 12:34:11, 00, len = 1
receive: 0000, 2014/08/16 12:43:24, 00, len = 1
  send : 0000, 2014/08/16 12:43:33, 00, len = 1
  send : 0000, 2014/08/16 12:43:42, 00, len = 1
  send : 0000, 2014/08/16 12:43:51, 00, len = 1
receive: 0000, 2014/08/16 13:36:17, 00, len = 1
  send : 0000, 2014/08/16 13:38:50, 00, len = 1
  send : 0000, 2014/08/16 13:38:59, 00, len = 1
  send : 0000, 2014/08/16 13:39:08, 00, len = 1
  send : 0000, 2014/08/16 13:39:17, 00, len = 1
  send : 0000, 2014/08/16 13:39:26, 00, len = 1
  send : 0000, 2014/08/16 13:39:35, 00, len = 1
receive: 0093, 2014/08/16 13:44:42, 00, len = 1
receive: 0093, 2014/08/16 13:54:55, 00, len = 1
receive: 0093, 2014/08/16 14:01:34, 00, len = 1
receive: 0093, 2014/08/16 14:02:07, 00, len = 1
receive: 0093, 2014/08/16 14:04:13, 00, len = 1
receive: 0093, 2014/08/16 14:04:47, 00, len = 1
receive: 0093, 2014/08/16 14:05:18, 00, len = 1
receive: 0093, 2014/08/16 14:13:39, 00, len = 1
receive: 0093, 2014/08/16 14:15:27, 00, len = 1
receive: 0093, 2014/08/16 14:16:01, 00, len = 1
receive: 0000, 2014/08/16 14:23:28, 00, len = 1
receive: 0000, 2014/08/16 14:24:08, 00, len = 1
receive: 0000, 2014/08/16 14:24:40, 00, len = 1
receive: 0000, 2014/08/16 14:25:16, 00, len = 1
receive: 0000, 2014/08/16 14:27:18, 00, len = 1
receive: 0000, 2014/08/16 14:45:40, 00, len = 1
receive: 0000, 2014/08/16 14:45:59, 00, len = 1
receive: 0000, 2014/08/16 14:46:18, 00, len = 1
receive: 0000, 2014/08/16 14:46:37, 00, len = 1
receive: 0000, 2014/08/16 14:46:56, 00, len = 1
receive: 0000, 2014/08/16 14:47:41, 00, len = 1
receive: 0000, 2014/08/16 14:49:19, 00, len = 1
receive: 0000, 2014/08/16 14:49:55, 00, len = 1
receive: 0000, 2014/08/16 14:50:14, 00, len = 1
receive: 0000, 2014/08/16 14:50:33, 00, len = 1
receive: 0000, 2014/08/16 14:50:52, 00, len = 1
receive: 0000, 2014/08/16 14:51:11, 00, len = 1
receive: 0000, 2014/08/16 14:51:30, 00, len = 1
receive: 0000, 2014/08/16 14:51:49, 00, len = 1
receive: 0000, 2014/08/16 14:52:08, 00, len = 1
receive: 0000, 2014/08/16 14:52:27, 00, len = 1
receive: 0000, 2014/08/16 14:52:46, 00, len = 1
receive: 0000, 2014/08/16 15:07:20, 00, len = 1
receive: 0000, 2014/08/16 15:10:17, 00, len = 1
receive: 0000, 2014/08/16 15:13:26, 00, len = 1
receive: 0000, 2014/08/16 15:14:35, 00, len = 1
receive: 0000, 2014/08/16 15:15:36, 00, len = 1
receive: 0093, 2014/08/16 15:18:28, 00, len = 1
receive: 0093, 2014/08/16 15:21:00, 00, len = 1
receive: 0093, 2014/08/16 15:21:28, 00, len = 1
receive: 0093, 2014/08/16 15:21:54, 00, len = 1
receive: 0093, 2014/08/16 15:22:35, 00, len = 1
receive: 0093, 2014/08/16 15:23:01, 00, len = 1
receive: 0093, 2014/08/16 15:25:03, 00, len = 1
receive: 0000, 2014/08/16 15:26:34, 00, len = 1
receive: 0093, 2014/08/16 15:27:09, 00, len = 1
receive: 0093, 2014/08/16 15:27:49, 00, len = 1
receive: 0093, 2014/08/16 15:35:22, 00, len = 1
receive: 0093, 2014/08/16 15:37:01, 00, len = 1
receive: 0093, 2014/08/16 15:37:28, 00, len = 1
receive: 0000, 2014/08/16 15:39:18, 00, len = 1
receive: 0093, 2014/08/16 15:40:19, 00, len = 1
receive: 0093, 2014/08/16 15:40:47, 00, len = 1
receive: 0093, 2014/08/16 15:41:20, 00, len = 1
receive: 0000, 2014/08/16 15:43:25, 00, len = 1
receive: 0093, 2014/08/16 15:43:56, 00, len = 1
receive: 0000, 2014/08/16 15:44:15, 00, len = 1
receive: 0093, 2014/08/16 15:44:45, 00, len = 1
receive: 0000, 2014/08/16 15:45:04, 00, len = 1
receive: 0000, 2014/08/16 15:45:47, 00, len = 1
receive: 0093, 2014/08/16 15:47:26, 00, len = 1
receive: 0093, 2014/08/16 15:47:39, 00, len = 1
receive: 0000, 2014/08/16 15:49:49, 00, len = 1
receive: 0093, 2014/08/16 15:50:02, 00, len = 1
receive: 0093, 2014/08/16 15:50:32, 00, len = 1
receive: 0000, 2014/08/16 15:56:21, 00, len = 1
receive: 0000, 2014/08/16 15:56:47, 00, len = 1
receive: 0093, 2014/08/16 16:02:06, 00, len = 1
receive: 0093, 2014/08/16 16:03:04, 00, len = 1
receive: 0093, 2014/08/16 16:04:58, 00, len = 1
receive: 0081, 2014/08/16 16:05:58, B7, len = 1
receive: 0093, 2014/08/16 16:08:01, 00, len = 1
  send : 0000, 2014/08/16 16:08:58, 00, len = 1
receive: 0093, 2014/08/16 16:09:29, 00, len = 1
receive: 0093, 2014/08/16 16:09:55, 00, len = 1
receive: 0093, 2014/08/16 16:10:33, 00, len = 1
receive: 0000, 2014/08/16 16:13:32, 00, len = 1
receive: 0000, 2014/08/16 16:14:33, 00, len = 1
receive: 0093, 2014/08/16 16:18:34, 00, len = 1
receive: 0093, 2014/08/16 16:19:00, 00, len = 1
receive: 0093, 2014/08/16 16:19:31, 00, len = 1
receive: 0093, 2014/08/16 16:19:59, 00, len = 1
receive: 0000, 2014/08/16 16:34:37, 00, len = 1
receive: 0093, 2014/08/16 17:17:06, 00, len = 1
receive: 0093, 2014/08/16 17:17:47, 00, len = 1
receive: 0093, 2014/08/16 17:18:50, 00, len = 1
receive: 0093, 2014/08/16 17:19:18, 00, len = 1
receive: 0093, 2014/08/16 17:19:45, 00, len = 1
receive: 0093, 2014/08/16 17:21:42, 00, len = 1
receive: 0093, 2014/08/16 17:22:41, 00, len = 1
receive: 0093, 2014/08/16 17:23:09, 00, len = 1
receive: 0093, 2014/08/16 17:24:10, 00, len = 1
receive: 0093, 2014/08/16 17:24:37, 00, len = 1
receive: 0093, 2014/08/16 17:25:03, 00, len = 1
receive: 0093, 2014/08/16 17:25:29, 00, len = 1
receive: 0093, 2014/08/16 17:25:56, 00, len = 1
receive: 0093, 2014/08/16 17:26:24, 00, len = 1
receive: 0093, 2014/08/16 17:26:52, 00, len = 1
receive: 0093, 2014/08/16 17:29:02, 00, len = 1
receive: 0093, 2014/08/16 17:43:53, 00, len = 1
receive: 0000, 2014/08/18 09:54:46, 00, len = 1
receive: 0000, 2014/08/18 09:55:05, 00, len = 1
receive: 0000, 2014/08/18 09:59:42, 00, len = 1
receive: 0000, 2014/08/18 10:00:09, 00, len = 1
receive: 0000, 2014/08/18 10:02:53, 00, len = 1
receive: 0000, 2014/08/18 10:03:47, 00, len = 1
receive: 0000, 2014/08/18 10:05:05, 00, len = 1
receive: 0000, 2014/08/18 10:05:14, 00, len = 1
receive: 0000, 2014/08/18 10:05:40, 00, len = 1
receive: 0000, 2014/08/18 10:06:06, 00, len = 1
receive: 0081, 2014/08/18 10:06:39, B7, len = 1
receive: 0000, 2014/08/18 10:07:05, 00, len = 1
receive: 0000, 2014/08/18 10:07:14, 00, len = 1
receive: 0000, 2014/08/18 10:07:40, 00, len = 1
receive: 0000, 2014/08/18 10:07:49, 00, len = 1
receive: 0093, 2014/08/18 10:08:02, 00, len = 1
receive: 0000, 2014/08/18 10:08:11, 00, len = 1
receive: 0000, 2014/08/18 10:08:37, 00, len = 1
receive: 0000, 2014/08/18 10:08:46, 00, len = 1
receive: 0268, 2014/08/18 10:09:12, A9, len = 1
receive: 0000, 2014/08/18 10:09:38, 00, len = 1
receive: 0000, 2014/08/18 10:09:47, 00, len = 1
receive: 0000, 2014/08/18 10:11:05, 00, len = 1
receive: 0000, 2014/08/18 10:11:14, 00, len = 1
receive: 0000, 2014/08/18 10:11:23, 00, len = 1
receive: 0000, 2014/08/18 10:11:32, 00, len = 1
receive: 0000, 2014/08/18 10:11:41, 00, len = 1
receive: 0000, 2014/08/18 10:11:50, 00, len = 1
receive: 0000, 2014/08/18 10:11:59, 00, len = 1
receive: 0093, 2014/08/18 10:13:21, 00, len = 1
receive: 0000, 2014/08/18 10:14:39, 00, len = 1
receive: 0000, 2014/08/18 10:14:48, 00, len = 1
receive: 0000, 2014/08/18 10:14:57, 00, len = 1
receive: 0000, 2014/08/18 10:15:06, 00, len = 1
receive: 0000, 2014/08/18 10:15:15, 00, len = 1
receive: 0000, 2014/08/18 10:15:24, 00, len = 1
receive: 0000, 2014/08/18 10:15:33, 00, len = 1
receive: 0000, 2014/08/18 10:15:42, 00, len = 1
receive: 0000, 2014/08/18 10:15:51, 00, len = 1
receive: 0000, 2014/08/18 10:16:00, 00, len = 1
receive: 0000, 2014/08/18 10:16:09, 00, len = 1
receive: 0000, 2014/08/18 10:16:18, 00, len = 1
receive: 0000, 2014/08/18 10:16:27, 00, len = 1
receive: 0000, 2014/08/18 10:16:36, 00, len = 1
receive: 0000, 2014/08/18 10:16:45, 00, len = 1
receive: 0000, 2014/08/18 10:16:54, 00, len = 1
receive: 0000, 2014/08/18 10:17:03, 00, len = 1
receive: 0000, 2014/08/18 10:17:12, 00, len = 1
receive: 0000, 2014/08/18 10:17:21, 00, len = 1
receive: 0000, 2014/08/18 10:17:30, 00, len = 1
receive: 0000, 2014/08/18 10:17:39, 00, len = 1
receive: 0000, 2014/08/18 10:17:48, 00, len = 1
receive: 0000, 2014/08/18 10:17:57, 00, len = 1
receive: 0000, 2014/08/18 10:18:06, 00, len = 1
receive: 0000, 2014/08/18 10:18:15, 00, len = 1
receive: 0000, 2014/08/18 10:18:24, 00, len = 1
receive: 0000, 2014/08/18 10:18:33, 00, len = 1
receive: 0000, 2014/08/18 10:18:42, 00, len = 1
receive: 0000, 2014/08/18 10:18:51, 00, len = 1
receive: 0000, 2014/08/18 10:19:00, 00, len = 1
receive: 0000, 2014/08/18 10:19:09, 00, len = 1
receive: 0000, 2014/08/18 10:19:18, 00, len = 1
receive: 0000, 2014/08/18 10:19:27, 00, len = 1
receive: 0000, 2014/08/18 10:19:36, 00, len = 1
receive: 0000, 2014/08/18 10:19:45, 00, len = 1
receive: 0000, 2014/08/18 10:19:54, 00, len = 1
receive: 0000, 2014/08/18 10:20:03, 00, len = 1
receive: 0000, 2014/08/18 10:20:12, 00, len = 1
receive: 0000, 2014/08/18 10:20:21, 00, len = 1
receive: 0000, 2014/08/18 10:20:30, 00, len = 1
receive: 0000, 2014/08/18 10:20:39, 00, len = 1
receive: 0000, 2014/08/18 10:20:48, 00, len = 1
receive: 0000, 2014/08/18 10:20:57, 00, len = 1
receive: 0000, 2014/08/18 10:21:06, 00, len = 1
receive: 0000, 2014/08/18 10:21:15, 00, len = 1
receive: 0000, 2014/08/18 10:21:24, 00, len = 1
receive: 0000, 2014/08/18 10:21:33, 00, len = 1
receive: 0000, 2014/08/18 10:21:42, 00, len = 1
receive: 0000, 2014/08/18 10:21:51, 00, len = 1
receive: 0000, 2014/08/18 10:22:00, 00, len = 1
receive: 0000, 2014/08/18 10:22:09, 00, len = 1
receive: 0000, 2014/08/18 10:22:18, 00, len = 1
receive: 0000, 2014/08/18 10:22:27, 00, len = 1
receive: 0000, 2014/08/18 10:22:36, 00, len = 1
receive: 0000, 2014/08/18 10:22:45, 00, len = 1
receive: 0000, 2014/08/18 10:22:54, 00, len = 1
receive: 0000, 2014/08/18 10:23:03, 00, len = 1
receive: 0000, 2014/08/18 10:23:12, 00, len = 1
receive: 0000, 2014/08/18 10:23:21, 00, len = 1
receive: 0000, 2014/08/18 10:23:30, 00, len = 1
receive: 0000, 2014/08/18 10:23:39, 00, len = 1
receive: 0000, 2014/08/18 10:23:48, 00, len = 1
receive: 0000, 2014/08/18 10:23:57, 00, len = 1
receive: 0000, 2014/08/18 10:24:06, 00, len = 1
receive: 0000, 2014/08/18 10:24:15, 00, len = 1
receive: 0000, 2014/08/18 10:24:24, 00, len = 1
receive: 0000, 2014/08/18 10:24:33, 00, len = 1
receive: 0000, 2014/08/18 10:24:42, 00, len = 1
receive: 0000, 2014/08/18 10:24:51, 00, len = 1
receive: 0000, 2014/08/18 10:25:00, 00, len = 1
receive: 0000, 2014/08/18 10:25:09, 00, len = 1
receive: 0000, 2014/08/18 10:25:18, 00, len = 1
receive: 0000, 2014/08/18 10:25:27, 00, len = 1
receive: 0000, 2014/08/18 10:25:36, 00, len = 1
receive: 0000, 2014/08/18 10:25:45, 00, len = 1
receive: 0000, 2014/08/18 10:25:54, 00, len = 1
receive: 0000, 2014/08/18 10:26:03, 00, len = 1
receive: 0000, 2014/08/18 10:26:12, 00, len = 1
receive: 0000, 2014/08/18 10:26:21, 00, len = 1
receive: 0000, 2014/08/18 10:26:30, 00, len = 1
receive: 0000, 2014/08/18 10:26:39, 00, len = 1
receive: 0000, 2014/08/18 10:26:48, 00, len = 1
receive: 0000, 2014/08/18 10:26:57, 00, len = 1
receive: 0000, 2014/08/18 10:27:06, 00, len = 1
receive: 0000, 2014/08/18 10:27:15, 00, len = 1
receive: 0000, 2014/08/18 10:27:24, 00, len = 1
receive: 0000, 2014/08/18 10:27:33, 00, len = 1
receive: 0000, 2014/08/18 10:27:42, 00, len = 1
receive: 0000, 2014/08/18 10:27:51, 00, len = 1
receive: 0000, 2014/08/18 10:28:00, 00, len = 1
receive: 0000, 2014/08/18 10:28:09, 00, len = 1
receive: 0000, 2014/08/18 10:28:18, 00, len = 1
receive: 0000, 2014/08/18 10:28:27, 00, len = 1
receive: 0000, 2014/08/18 10:28:36, 00, len = 1
receive: 0000, 2014/08/18 10:28:45, 00, len = 1
receive: 0000, 2014/08/18 10:28:54, 00, len = 1
receive: 0000, 2014/08/18 10:29:03, 00, len = 1
receive: 0000, 2014/08/18 10:29:12, 00, len = 1
receive: 0000, 2014/08/18 10:29:21, 00, len = 1
receive: 0000, 2014/08/18 10:29:30, 00, len = 1
receive: 0000, 2014/08/18 10:29:43, 00, len = 1
receive: 0000, 2014/08/18 10:30:26, 00, len = 1
receive: 0093, 2014/08/18 10:31:09, 00, len = 1
receive: 0081, 2014/08/18 10:32:47, B7, len = 1
receive: 0000, 2014/08/18 10:34:54, 00, len = 1
receive: 0000, 2014/08/18 10:37:00, 00, len = 1
receive: 0000, 2014/08/18 10:37:46, 00, len = 1
receive: 0000, 2014/08/18 10:38:05, 00, len = 1
receive: 0000, 2014/08/18 10:38:50, 00, len = 1
receive: 0000, 2014/08/18 10:39:25, 00, len = 1
receive: 0000, 2014/08/18 10:40:00, 00, len = 1
receive: 0081, 2014/08/18 10:40:56, B7, len = 1
receive: 0000, 2014/08/18 10:42:14, 00, len = 1
receive: 0000, 2014/08/18 10:42:23, 00, len = 1
receive: 0000, 2014/08/18 10:42:32, 00, len = 1
receive: 0000, 2014/08/18 10:49:27, 00, len = 1
receive: 0000, 2014/08/18 10:49:36, 00, len = 1
receive: 0000, 2014/08/18 10:49:45, 00, len = 1
receive: 0000, 2014/08/18 10:49:54, 00, len = 1
receive: 0000, 2014/08/18 10:50:03, 00, len = 1
receive: 0000, 2014/08/18 10:50:12, 00, len = 1
receive: 0000, 2014/08/18 10:50:21, 00, len = 1
receive: 0000, 2014/08/18 10:50:30, 00, len = 1
receive: 0000, 2014/08/18 10:50:39, 00, len = 1
receive: 0000, 2014/08/18 10:50:48, 00, len = 1
receive: 0000, 2014/08/18 10:50:57, 00, len = 1
receive: 0000, 2014/08/18 10:51:06, 00, len = 1
receive: 0000, 2014/08/18 10:51:15, 00, len = 1
receive: 0000, 2014/08/18 10:51:24, 00, len = 1
receive: 0000, 2014/08/18 10:51:43, 00, len = 1
receive: 0000, 2014/08/18 10:52:05, 00, len = 1
receive: 0000, 2014/08/18 10:52:14, 00, len = 1
receive: 0000, 2014/08/18 10:52:23, 00, len = 1
receive: 0000, 2014/08/18 10:53:25, 00, len = 1
receive: 0000, 2014/08/18 10:53:34, 00, len = 1
receive: 0093, 2014/08/18 10:55:18, 00, len = 1
receive: 0093, 2014/08/18 10:55:31, 00, len = 1
receive: 0081, 2014/08/18 10:58:54, B7, len = 1
receive: 0093, 2014/08/18 11:01:05, 00, len = 1
receive: 0093, 2014/08/18 11:02:50, 00, len = 1
receive: 0081, 2014/08/18 11:04:02, B7, len = 1
receive: 0081, 2014/08/18 11:05:27, B7, len = 1
receive: 0093, 2014/08/18 11:07:38, 00, len = 1
receive: 0000, 2014/08/18 11:09:45, 00, len = 1
receive: 0000, 2014/08/18 11:09:54, 00, len = 1
receive: 0000, 2014/08/18 11:10:03, 00, len = 1
receive: 0000, 2014/08/18 11:10:12, 00, len = 1
receive: 0000, 2014/08/18 11:10:21, 00, len = 1
receive: 0000, 2014/08/18 11:10:30, 00, len = 1
receive: 0000, 2014/08/18 11:10:39, 00, len = 1
receive: 0000, 2014/08/18 11:10:48, 00, len = 1
receive: 0000, 2014/08/18 11:10:57, 00, len = 1
receive: 0000, 2014/08/18 11:11:06, 00, len = 1
receive: 0000, 2014/08/18 11:11:15, 00, len = 1
receive: 0000, 2014/08/18 11:11:24, 00, len = 1
receive: 0000, 2014/08/18 11:11:33, 00, len = 1
receive: 0000, 2014/08/18 11:11:42, 00, len = 1
receive: 0000, 2014/08/18 11:11:51, 00, len = 1
receive: 0000, 2014/08/18 11:12:00, 00, len = 1
receive: 0000, 2014/08/18 11:12:09, 00, len = 1
receive: 0000, 2014/08/18 11:12:18, 00, len = 1
receive: 0000, 2014/08/18 11:12:37, 00, len = 1
receive: 0000, 2014/08/18 11:12:56, 00, len = 1
receive: 0000, 2014/08/18 11:13:08, 00, len = 1
  send : 0000, 2014/08/18 11:13:17, 00, len = 1
  send : 0000, 2014/08/18 11:13:26, 00, len = 1
  send : 0000, 2014/08/18 11:13:35, 00, len = 1
  send : 0000, 2014/08/18 11:13:44, 00, len = 1
  send : 0000, 2014/08/18 11:13:53, 00, len = 1
  send : 0000, 2014/08/18 11:14:02, 00, len = 1
  send : 0000, 2014/08/18 11:14:11, 00, len = 1
  send : 0000, 2014/08/18 11:14:20, 00, len = 1
  send : 0000, 2014/08/18 11:14:29, 00, len = 1
  send : 0000, 2014/08/18 11:14:38, 00, len = 1
  send : 0000, 2014/08/18 11:14:47, 00, len = 1
  send : 0000, 2014/08/18 11:14:56, 00, len = 1
  send : 0000, 2014/08/18 11:15:05, 00, len = 1
  send : 0000, 2014/08/18 11:15:14, 00, len = 1
  send : 0000, 2014/08/18 11:15:23, 00, len = 1
  send : 0000, 2014/08/18 11:15:32, 00, len = 1
  send : 0000, 2014/08/18 11:15:41, 00, len = 1
  send : 0000, 2014/08/18 11:15:50, 00, len = 1
  send : 0000, 2014/08/18 11:15:59, 00, len = 1
receive: 0000, 2014/08/18 11:20:38, 00, len = 1
receive: 0000, 2014/08/18 11:22:37, 00, len = 1
receive: 0000, 2014/08/18 11:24:31, 00, len = 1
receive: 0000, 2014/08/18 11:25:33, 00receive: 0000, 2014/08/18 11:25:33, 00, len = 1
receive: 0000, 2014/08/18 11:27:36, 00, len = 1
receive: 0000, 2014/08/18 11:28:35, 00, len = 1
receive: 0000, 2014/08/18 11:29:03, 00, len = 1
receive: 0000, 2014/08/18 11:31:35, 00, len = 1
receive: 0000, 2014/08/18 11:32:39, 00, len = 1
receive: 0000, 2014/08/18 11:33:54, 00, len = 1
receive: 0000, 2014/08/18 11:36:05, 00, len = 1
receive: 0000, 2014/08/18 11:36:13, 00, len = 1
receive: 0000, 2014/08/18 11:36:20, 00, len = 1
receive: 0000, 2014/08/18 11:37:49, 00, len = 1
receive: 0000, 2014/08/18 11:38:06, 00, len = 1
receive: 0093, 2014/08/18 11:41:21, 00, len = 1
receive: 0093, 2014/08/18 11:49:21, 00, len = 1
receive: 0093, 2014/08/18 11:49:58, 00, len = 1
receive: 0093, 2014/08/18 11:50:22, 00, len = 1
receive: 0093, 2014/08/18 11:51:22, 00, len = 1
receive: 0093, 2014/08/18 11:53:00, 00, len = 1
receive: 0093, 2014/08/18 11:55:50, 00, len = 1
receive: 0000, 2014/08/18 12:02:37, 00, len = 1
receive: 0000, 2014/08/18 12:02:55, 00, len = 1
receive: 0093, 2014/08/18 12:03:56, 00, len = 1
receive: 0093, 2014/08/18 12:04:44, 00, len = 1
receive: 0093, 2014/08/18 12:06:45, 00, len = 1
receive: 0093, 2014/08/18 12:07:33, 00, len = 1
receive: 0093, 2014/08/18 12:07:45, 00, len = 1
receive: 0093, 2014/08/18 12:09:10, 00, len = 1
receive: 0093, 2014/08/18 12:09:22, 00, len = 1
receive: 0093, 2014/08/18 12:09:34, 00, len = 1
receive: 0093, 2014/08/18 12:09:46, 00, len = 1
receive: 0093, 2014/08/18 12:10:10, 00, len = 1
receive: 0093, 2014/08/18 12:10:22, 00, len = 1
receive: 0093, 2014/08/18 12:10:34, 00, len = 1
receive: 0093, 2014/08/18 12:11:59, 00, len = 1
receive: 0093, 2014/08/18 12:12:59, 00, len = 1
receive: 0093, 2014/08/18 12:14:36, 00, len = 1
receive: 0093, 2014/08/18 12:14:48, 00, len = 1
receive: 0093, 2014/08/18 12:16:37, 00, len = 1
receive: 0093, 2014/08/18 12:17:26, 00, len = 1
receive: 0093, 2014/08/18 12:18:02, 00, len = 1
receive: 0093, 2014/08/18 13:23:53, 00, len = 1
receive: 0093, 2014/08/18 13:24:17, 00, len = 1
receive: 0093, 2014/08/18 13:26:30, 00, len = 1
receive: 0093, 2014/08/18 13:27:33, 00, len = 1
receive: 0093, 2014/08/18 13:28:12, 00, len = 1
receive: 0093, 2014/08/18 13:28:49, 00, len = 1
receive: 0093, 2014/08/18 13:29:38, 00, len = 1
receive: 0093, 2014/08/18 13:31:02, 00, len = 1
receive: 0093, 2014/08/18 13:33:16, 00, len = 1
receive: 0089, 2014/08/18 14:00:36, B7, len = 1
receive: 0093, 2014/08/18 14:18:25, 00, len = 1
receive: 0093, 2014/08/18 14:19:14, 00, len = 1
receive: 0093, 2014/08/18 14:23:13, 00, len = 1
receive: 0000, 2014/08/18 16:36:53, 00, len = 1
receive: 0093, 2014/08/18 16:37:05, 00, len = 1
receive: 0093, 2014/08/18 16:39:18, 00, len = 1
receive: 0093, 2014/08/18 16:41:44, 00, len = 1
receive: 0093, 2014/08/18 16:48:35, 00, len = 1
receive: 0093, 2014/08/18 16:51:36, 00, len = 1
receive: 0093, 2014/08/18 16:58:29, 00, len = 1
receive: 0093, 2014/08/18 17:01:31, 00, len = 1
receive: 0093, 2014/08/18 17:03:11, 00, len = 1
receive: 0093, 2014/08/18 17:16:35, 00, len = 1
receive: 0093, 2014/08/18 17:16:47, 00, len = 1
receive: 0093, 2014/08/18 17:16:59, 00, len = 1
receive: 0093, 2014/08/18 17:30:16, 00, len = 1
receive: 0093, 2014/08/18 17:31:05, 00, len = 1
receive: 0093, 2014/08/18 17:31:53, 00, len = 1
receive: 0093, 2014/08/18 17:50:53, 00, len = 1
receive: 0093, 2014/08/18 17:51:22, 00, len = 1
receive: 0093, 2014/08/18 17:51:51, 00, len = 1
receive: 0093, 2014/08/18 17:57:43, 00, len = 1
receive: 0093, 2014/08/18 17:59:18, 00, len = 1
receive: 0000, 2014/08/19 09:16:14, 00, len = 1
receive: 0000, 2014/08/19 09:36:40, 00, len = 1
receive: 0093, 2014/08/19 09:39:30, 00, len = 1
receive: 0000, 2014/08/19 09:46:09, 00, len = 1
receive: 0093, 2014/08/19 09:50:30, 00, len = 1
receive: 0093, 2014/08/19 09:50:40, 00, len = 1
receive: 0093, 2014/08/19 09:53:19, 00, len = 1
receive: 0093, 2014/08/19 09:53:35, 00, len = 1
receive: 0094, 2014/08/19 09:54:42, B7, len = 1
receive: 0094, 2014/08/19 09:55:04, B7, len = 1
receive: 0094, 2014/08/19 09:55:26, B7, len = 1
receive: 0094, 2014/08/19 09:56:34, B7, len = 1
receive: 0093, 2014/08/19 09:58:51, 00, len = 1
receive: 0000, 2014/08/19 11:25:46, 00, len = 1
receive: 0000, 2014/08/19 11:26:09, 00, len = 1
receive: 0000, 2014/08/19 11:28:17, 00, len = 1
receive: 0000, 2014/08/19 11:28:40, 00, len = 1
receive: 0000, 2014/08/19 11:56:11, 00, len = 1
receive: 0000, 2014/08/19 11:56:24, 00, len = 1
receive: 0000, 2014/08/19 11:56:52, 00, len = 1
receive: 0000, 2014/08/19 11:57:15, 00, len = 1
receive: 0000, 2014/08/19 14:41:54, 00, len = 1
receive: 0000, 2014/08/19 15:38:52, 00, len = 1
receive: 0081, 2014/08/19 15:39:38, B7, len = 1
receive: 0000, 2014/08/19 16:00:36, 00, len = 1
receive: 0081, 2014/08/19 16:01:22, B7, len = 1
receive: 0000, 2014/08/19 16:05:33, 00, len = 1
receive: 0081, 2014/08/19 16:06:20, B7, len = 1
receive: 0000, 2014/08/19 16:32:07, 00, len = 1
receive: 0000, 2014/08/19 16:32:12, 00, len = 1
receive: 0081, 2014/08/19 16:32:53, B7, len = 1
receive: 0000, 2014/08/19 17:57:13, 00, len = 1
receive: 0081, 2014/08/19 17:58:33, B7, len = 1
receive: 0081, 2014/08/19 17:58:51, B7, len = 1
receive: 0081, 2014/08/19 18:00:22, B7, len = 1
receive: 0000, 2014/08/19 18:08:53, 00, len = 1
receive: 0000, 2014/08/19 18:09:04, 00, len = 1
receive: 0747, 2014/08/19 18:09:56, F8..., len = 96
receive: 0000, 2014/08/21 10:53:34, 00, len = 1
receive: 0000, 2014/08/21 11:00:00, 00, len = 1
receive: 0000, 2014/08/21 11:01:10, 00, len = 1
receive: 0081, 2014/08/21 11:01:29, B7, len = 1
receive: 0000, 2014/08/21 11:01:37, 00, len = 1
receive: 0000, 2014/08/21 11:23:51, 00, len = 1
receive: 0000, 2014/08/21 11:24:12, 00, len = 1
receive: 0000, 2014/08/21 11:24:33, 00, len = 1
receive: 0000, 2014/08/21 11:35:04, 00, len = 1
receive: 0000, 2014/08/21 11:35:41, 00, len = 1
receive: 0000, 2014/08/21 11:36:01, 00, len = 1
receive: 0000, 2014/08/21 11:41:10, 00, len = 1
receive: 0000, 2014/08/21 11:41:31, 00, len = 1
receive: 0000, 2014/08/21 11:41:52, 00, len = 1
receive: 0000, 2014/08/21 11:43:56, 00, len = 1
receive: 0000, 2014/08/21 11:49:17, 00, len = 1
receive: 0000, 2014/08/21 11:49:38, 00, len = 1
receive: 0000, 2014/08/21 11:49:58, 00, len = 1
receive: 0000, 2014/08/21 12:01:30, 00, len = 1
receive: 0000, 2014/08/21 12:01:51, 00, len = 1
receive: 0000, 2014/08/21 12:02:11, 00, len = 1
receive: 0000, 2014/08/21 13:05:32, 00, len = 1
receive: 0000, 2014/08/21 13:58:12, 00, len = 1
receive: 0000, 2014/08/27 17:50:17, 00, len = 1
receive: 0081, 2014/08/27 17:51:00, B7, len = 1
receive: 0000, 2014/08/27 17:54:54, 00, len = 1
receive: 0000, 2014/08/27 17:55:05, 00, len = 1
receive: 0000, 2014/08/27 17:55:16, 00, len = 1
receive: 0000, 2014/08/27 18:12:36, 00, len = 1
receive: 0000, 2014/08/27 18:12:47, 00, len = 1
receive: 0000, 2014/08/27 18:12:58, 00, len = 1
receive: 0000, 2014/08/27 18:18:39, 00, len = 1
receive: 0000, 2014/08/27 18:18:50, 00, len = 1
receive: 0000, 2014/08/27 18:19:01, 00, len = 1
receive: 0000, 2014/08/27 18:22:41, 00, len = 1
receive: 0000, 2014/08/27 18:22:52, 00, len = 1
receive: 0000, 2014/08/27 18:23:03, 00, len = 1
receive: 0000, 2014/08/27 18:33:24, 00, len = 1
receive: 0000, 2014/08/27 18:33:35, 00, len = 1
receive: 0000, 2014/08/27 18:33:46, 00, len = 1
receive: 0000, 2014/08/27 18:50:02, 00, len = 1
receive: 0000, 2014/08/27 18:50:23, 00, len = 1
receive: 0000, 2014/08/27 18:50:43, 00, len = 1
receive: 0000, 2014/08/27 18:51:25, 00, len = 1
receive: 0000, 2014/08/27 18:51:36, 00, len = 1
receive: 0000, 2014/08/27 18:51:47, 00, len = 1
receive: 0000, 2014/08/27 18:53:41, 00, len = 1
receive: 0000, 2014/08/27 18:53:52, 00, len = 1
receive: 0000, 2014/08/27 18:54:03, 00, len = 1
receive: 0000, 2014/08/27 18:54:41, 00, len = 1
receive: 0000, 2014/08/27 18:55:01, 00, len = 1
receive: 0000, 2014/08/27 18:55:22, 00, len = 1
receive: 0000, 2014/08/27 18:59:12, 00, len = 1
receive: 0000, 2014/08/27 18:59:23, 00, len = 1
receive: 0000, 2014/08/27 18:59:34, 00, len = 1
receive: 0000, 2014/08/27 19:00:41, 00, len = 1
receive: 0000, 2014/08/27 19:00:52, 00, len = 1
receive: 0000, 2014/08/27 19:01:03, 00, len = 1
receive: 0000, 2014/08/27 19:04:44, 00, len = 1
receive: 0000, 2014/08/27 19:05:02, 00, len = 1
receive: 0000, 2014/08/27 19:05:13, 00, len = 1
receive: 0000, 2014/08/27 19:08:16, 00, len = 1
receive: 0000, 2014/08/27 19:08:37, 00, len = 1
receive: 0000, 2014/08/27 19:08:58, 00, len = 1
receive: 0000, 2014/08/27 19:15:20, 00, len = 1
receive: 0000, 2014/08/27 19:15:31, 00, len = 1
receive: 0000, 2014/08/27 19:15:42, 00, len = 1
receive: 0000, 2014/08/27 19:42:08, 00, len = 1
receive: 0000, 2014/08/27 19:42:19, 00, len = 1
receive: 0000, 2014/08/27 19:42:30, 00, len = 1
receive: 0000, 2014/08/27 19:54:06, 00, len = 1
receive: 0000, 2014/08/27 19:54:17, 00, len = 1
receive: 0000, 2014/08/27 19:54:27, 00, len = 1
receive: 0000, 2014/08/28 10:13:38, 00, len = 1
receive: 0000, 2014/08/28 10:13:59, 00, len = 1
receive: 0000, 2014/08/28 10:14:20, 00, len = 1
receive: 0000, 2014/08/28 14:00:05, 00, len = 1
receive: 0000, 2014/09/03 16:43:55, 00, len = 1
receive: 0000, 2014/09/03 16:44:16, 00, len = 1
receive: 0000, 2014/09/03 16:44:37, 00, len = 1
receive00, len = 1
: 0000, 2014/09/04 11:56:54, 00, len = 1
receivereceive00, len = 1
receive: 0000, 2014/09/04 11:57:15, 0000, len = 1
, len = 1
receive: 0000, 2014/09/04 17:06:36, 00, len = 1
receive: 0000, 2014/09/04 17:06:57, 00, len = 1
receive: 0000, 2014/09/04 17:07:18, 00, len = 1
receive: 0000, 2014/09/04 17:07:47, 00, len = 1
receive: 0000, 2014/09/04 17:07:58, 00, len = 1
receive: 0000, 2014/09/04 17:08:09, 00, len = 1
receive: 0000, 2014/09/04 17:14:50, 00, len = 1
receive: 0000, 2014/09/04 17:14:55, 00, len = 1
receive: 0000, 2014/09/04 17:15:00, 00, len = 1
receive: 0000, 2014/09/04 17:15:11, 00, len = 1
receive: 0000, 2014/09/04 17:15:16, 00, len = 1
receive: 0000, 2014/09/04 17:15:37, 00, len = 1
receive: 0000, 2014/09/04 17:18:36, 00, len = 1
receive: 0000, 2014/09/04 17:18:37, 00, len = 1
receive: 0000, 2014/09/04 17:18:45, 00, len = 1
receive: 0000, 2014/09/04 17:18:47, 00, len = 1
receive: 0000, 2014/09/04 17:18:58, 00, len = 1
receive: 0000, 2014/09/04 17:19:06, 00, len = 1
receive: 0000, 2014/09/04 17:19:27, 00, len = 1
receive: 0000, 2014/09/04 17:21:24, 00, len = 1
receive: 0000, 2014/09/04 17:21:36, 00, len = 1
receive: 0000, 2014/09/04 17:30:02, 00, len = 1
receive: 0000, 2014/09/04 17:30:06, 00, len = 1
receive: 0000, 2014/09/04 17:31:48, 00, len = 1
receive: 0000, 2014/09/04 17:32:20, 00, len = 1
receive: 0000, 2014/09/04 17:32:34, 00, len = 1
receive: 0000, 2014/09/04 17:36:53, 00, len = 1
receive: 0000, 2014/09/04 17:36:54, 00, len = 1
receive: 0000, 2014/09/04 17:40:21, 00, len = 1
receive: 0000, 2014/09/04 17:40:22, 00, len = 1
receive: 0000, 2014/09/04 18:23:49, 00, len = 1
receive: 0000, 2014/09/04 18:23:49, 00, len = 1
receive: 0000, 2014/09/04 18:23:50, 00, len = 1
receive: 0000, 2014/09/04 18:24:05, 00, len = 1
receive: 0000, 2014/09/04 18:24:21, 00, len = 1
receive: 0000, 2014/09/04 18:27:27, 00, len = 1
receive: 0000, 2014/09/04 18:27:43, 00, len = 1
receive: 0000, 2014/09/04 18:27:59, 00, len = 1
receive: 0000, 2014/09/04 18:28:59, 00, len = 1
receive: 0000, 2014/09/04 18:29:58, 00, len = 1
receive: 0000, 2014/09/04 18:35:11, 00, len = 1
receive: 0000, 2014/09/05 10:33:22, 00, len = 1
receive: 0000, 2014/09/05 10:33:41, 00, len = 1
receive: 0000, 2014/09/05 10:34:00, 00, len = 1
receive: 0000, 2014/09/05 10:37:30, 00, len = 1
receive: 0000, 2014/09/05 10:37:34, 00, len = 1
receive: 0000, 2014/09/05 10:37:45, 00, len = 1
receive: 0000, 2014/09/05 10:38:04, 00, len = 1
receive: 0000, 2014/09/05 10:38:23, 00, len = 1
receive: 0000, 2014/09/05 13:35:30, 00, len = 1
receive: 0000, 2014/09/05 13:35:49, 00, len = 1
receive: 0000, 2014/09/05 13:36:08, 00, len = 1
receive: 0000, 2014/09/09 17:00:05, 00, len = 1
receive: 0000, 2014/09/09 17:00:24, 00, len = 1
receive: 0000, 2014/09/09 17:00:43, 00, len = 1
receive: 0000, 2014/09/09 17:24:37, 00, len = 1
receive: 0000, 2014/09/09 17:24:56, 00, len = 1
receive: 0000, 2014/09/09 17:25:15, 00, len = 1
receive: 0000, 2014/09/09 17:26:03, 00, len = 1
receive: 0000, 2014/09/09 17:26:04, 00, len = 1
receive: 0000, 2014/09/10 11:50:42, 00, len = 1
receive: 0000, 2014/09/10 11:51:01, 00, len = 1
receive: 0000, 2014/09/10 11:51:20, 00, len = 1
receive: 0000, 2014/09/10 11:52:16, 00, len = 1
receive: 0000, 2014/09/10 11:52:35, 00, len = 1
receive: 0000, 2014/09/10 11:52:45, 00, len = 1
receive: 0000, 2014/09/10 11:52:54, 00, len = 1
receive: 0000, 2014/09/10 11:59:34, 00, len = 1
receive: 0000, 2014/09/10 12:00:21, 00, len = 1
receive: 0000, 2014/09/10 13:26:02, 00, len = 1
receive: 0000, 2014/09/10 13:26:21, 00, len = 1
receive: 0000, 2014/09/10 13:26:40, 00, len = 1
receive: 0000, 2014/09/10 13:59:20, 00, len = 1
receive: 0000, 2014/09/10 13:59:39, 00, len = 1
receive: 0000, 2014/09/10 13:59:58, 00, len = 1
receive: 0000, 2014/09/10 14:01:01, 00, len = 1
receive: 0000, 2014/09/10 14:01:10, 00, len = 1
receive: 0000, 2014/09/10 14:01:20, 00, len = 1
receive: 0000, 2014/09/11 09:26:04, 00, len = 1
receive: 0000, 2014/09/11 09:26:23, 00, len = 1
receive: 0000, 2014/09/11 09:26:42, 00, len = 1
receive: 0000, 2014/09/11 10:48:52, 00, len = 1
receive: 0000, 2014/09/11 10:49:11, 00, len = 1
receive: 0000, 2014/09/11 10:49:30, 00, len = 1
receive: 0000, 2014/09/11 11:00:34, 00, len = 1
receive: 0000, 2014/09/11 11:00:45, 00, len = 1
receive: 0000, 2014/09/11 11:00:56, 00, len = 1
receive: 0000, 2014/09/11 11:10:06, 00, len = 1
receive: 0000, 2014/09/11 11:10:18, 00, len = 1
receive: 0000, 2014/09/11 11:10:30, 00, len = 1
receive: 0000, 2014/09/11 11:14:17, 00, len = 1
receive: 0000, 2014/09/11 11:14:30, 00, len = 1
receive: 0000, 2014/09/11 11:14:43, 00, len = 1
receive: 0000, 2014/09/11 11:18:02, 00, len = 1
receive: 0000, 2014/09/11 11:18:13, 00, len = 1
receive: 0000, 2014/09/11 11:18:23, 00, len = 1
receive: 0000, 2014/09/11 11:20:32, 00, len = 1
receive: 0000, 2014/09/11 11:20:42, 00, len = 1
receive: 0000, 2014/09/11 11:20:53, 00, len = 1
receive: 0000, 2014/09/11 11:21:04, 00, len = 1
receive: 0000, 2014/09/11 11:32:21, 00, len = 1
receive: 0000, 2014/09/11 11:32:32, 00, len = 1
receive: 0000, 2014/09/11 11:32:43, 00, len = 1
receive: 0000, 2014/09/11 11:35:09, 00, len = 1
receive: 0000, 2014/09/11 11:35:38, 00, len = 1
receive: 0000, 2014/09/11 11:35:54, 00, len = 1
receive: 0000, 2014/09/11 11:41:42, 00, len = 1
receive: 0000, 2014/09/11 11:41:53, 00, len = 1
receive: 0000, 2014/09/11 11:42:04, 00, len = 1
receive: 0000, 2014/09/11 11:49:30, 00, len = 1
receive: 0000, 2014/09/11 11:49:40, 00, len = 1
receive: 0000, 2014/09/11 11:49:51, 00, len = 1
receive: 0000, 2014/09/11 11:50:10, 00, len = 1
receive: 0000, 2014/09/11 11:51:03, 00, len = 1
receive: 0000, 2014/09/11 11:51:14, 00, len = 1
receive: 0000, 2014/09/11 11:51:25, 00, len = 1
receive: 0000, 2014/09/11 11:52:46, 00, len = 1
receive: 0000, 2014/09/11 11:53:14, 00, len = 1
receive: 0000, 2014/09/11 11:53:24, 00, len = 1
receive: 0000, 2014/09/11 11:53:53, 00, len = 1
receive: 0000, 2014/09/11 11:54:04, 00, len = 1
receive: 0000, 2014/09/11 11:54:15, 00, len = 1
receive: 0000, 2014/09/11 11:58:04, 00, len = 1
receive: 0000, 2014/09/11 11:58:15, 00, len = 1
receive: 0000, 2014/09/11 11:58:26, 00, len = 1
receive: 0000, 2014/09/11 11:58:26, 00, len = 1
receive: 0000, 2014/09/11 11:58:36, 00, len = 1
receive: 0000, 2014/09/11 12:01:16, 00, len = 1
receive: 0000, 2014/09/11 12:01:27, 00, len = 1
receive: 0000, 2014/09/11 12:01:38, 00, len = 1
receive: 0000, 2014/09/11 12:03:54, 00, len = 1
receive: 0000, 2014/09/11 12:04:04, 00, len = 1
receive: 0000, 2014/09/11 12:04:15, 00, len = 1
receive: 0000, 2014/09/11 12:04:26, 00, len = 1
receive: 0000, 2014/09/11 12:06:53, 00, len = 1
receive: 0000, 2014/09/11 12:06:59, 00, len = 1
receive: 0000, 2014/09/11 12:07:06, 00, len = 1
receive: 0000, 2014/09/11 12:07:17, 00, len = 1
receive: 0000, 2014/09/11 12:07:28, 00, len = 1
receive: 0000, 2014/09/11 13:34:01, 00, len = 1
receive: 0000, 2014/09/11 13:34:06, 00, len = 1
receive: 0000, 2014/09/11 15:56:09, 00, len = 1
error in receive: 0000, 2014/09/11 16:05:40, 00, len = 1
error in  detail: 0000, 2014/09/11 16:05:40, D5, len = 3
error in receive: 0000, 2014/09/11 16:12:24, 00, len = 1
error in  detail: 0000, 2014/09/11 16:12:24, 00, len = 2
error in receive: 0000, 2014/09/11 16:20:19, 00, len = 1
error in  detail: 0000, 2014/09/11 16:20:19, D5, len = 3
error in receive: 0000, 2014/09/11 16:29:41, 00, len = 1
error in  detail: 0000, 2014/09/11 16:29:41, 00, len = 1
error in receive: 0000, 2014/09/11 16:37:01, 00, len = 1
error in  detail: 0000, 2014/09/11 16:37:01, D5, len = 3
error in receive: 0000, 2014/09/12 09:48:12, 00, len = 1
error in  detail: 0000, 2014/09/12 09:48:12, 00, len = 1
error in receive: 0000, 2014/09/12 09:48:40, 00, len = 1
error in  detail: 0000, 2014/09/12 09:48:40, 00, len = 1
error in receive: 0000, 2014/09/12 09:50:45, 00, len = 1
error in  detail: 0000, 2014/09/12 09:50:45, 00, len = 1
error in receive: 0000, 2014/09/17 16:03:17, 00, len = 1
error in  detail: 0000, 2014/09/17 16:03:17, 00, len = 1
error in receive: 0000, 2014/09/17 16:03:32, 00, len = 1
error in  detail: 0000, 2014/09/17 16:03:32, 00, len = 1
error in receive: 0000, 2014/09/17 16:04:14, 00, len = 1
error in  detail: 0000, 2014/09/17 16:04:14, 00, len = 1
error in receive: 2855, 2014/09/17 16:07:02, FF, len = 64
error in  detail: 2855, 2014/09/17 16:07:02, FF, len = 64
error in receive: 0000, 2014/09/18 10:50:15, 00, len = 1
error in  detail: 0000, 2014/09/18 10:50:15, 00, len = 1
error in receive: 0000, 2014/09/18 10:51:08, 00, len = 1
error in  detail: 0000, 2014/09/18 10:51:08, 00, len = 1
error in receive: 0000, 2014/09/18 10:51:41, 00, len = 1
error in  detail: 0000, 2014/09/18 10:51:41, 00, len = 1
